This file contains any messages produced by compilers while
running configure, to aid debugging if configure makes a mistake.

It was created by denetX configure VERSION, which was
generated by GNU Autoconf 2.68.  Invocation command line was

  $ ./configure 

## --------- ##
## Platform. ##
## --------- ##

hostname = jupiter.ulakbim.gov.tr
uname -m = i686
uname -r = 3.0.0-12-generic-pae
uname -s = Linux
uname -v = #20-Ubuntu SMP Fri Oct 7 16:37:17 UTC 2011

/usr/bin/uname -p = unknown
/bin/uname -X     = unknown

/bin/arch              = unknown
/usr/bin/arch -k       = unknown
/usr/convex/getsysinfo = unknown
/usr/bin/hostinfo      = unknown
/bin/machine           = unknown
/usr/bin/oslevel       = unknown
/bin/universe          = unknown

PATH: /usr/local/cuda/bin
PATH: /usr/local/cuda/bin
PATH: /usr/lib/lightdm/lightdm
PATH: /usr/local/sbin
PATH: /usr/local/bin
PATH: /usr/sbin
PATH: /usr/bin
PATH: /sbin
PATH: /bin
PATH: /usr/games
PATH: /usr/lib/jvm/java-6-sun/bin
PATH: /usr/lib/jvm/java-6-sun/bin


## ----------- ##
## Core tests. ##
## ----------- ##

configure:2390: checking for a BSD-compatible install
configure:2458: result: /usr/bin/install -c
configure:2469: checking whether build environment is sane
configure:2519: result: yes
configure:2660: checking for a thread-safe mkdir -p
configure:2699: result: /bin/mkdir -p
configure:2712: checking for gawk
configure:2728: found /usr/bin/gawk
configure:2739: result: gawk
configure:2750: checking whether make sets $(MAKE)
configure:2772: result: yes
configure:2910: checking for g++
configure:2926: found /usr/local/bin/g++
configure:2937: result: g++
configure:2964: checking for C++ compiler version
configure:2973: g++ --version >&5
g++ (Ubuntu/Linaro 4.6.1-9ubuntu3) 4.6.1
Copyright (C) 2011 Free Software Foundation, Inc.
This is free software; see the source for copying conditions.  There is NO
warranty; not even for MERCHANTABILITY or FITNESS FOR A PARTICULAR PURPOSE.

configure:2984: $? = 0
configure:2973: g++ -v >&5
Using built-in specs.
COLLECT_GCC=g++
COLLECT_LTO_WRAPPER=/usr/lib/gcc/i686-linux-gnu/4.6.1/lto-wrapper
Target: i686-linux-gnu
Configured with: ../src/configure -v --with-pkgversion='Ubuntu/Linaro 4.6.1-9ubuntu3' --with-bugurl=file:///usr/share/doc/gcc-4.6/README.Bugs --enable-languages=c,c++,fortran,objc,obj-c++,go --prefix=/usr --program-suffix=-4.6 --enable-shared --enable-linker-build-id --with-system-zlib --libexecdir=/usr/lib --without-included-gettext --enable-threads=posix --with-gxx-include-dir=/usr/include/c++/4.6 --libdir=/usr/lib --enable-nls --with-sysroot=/ --enable-clocale=gnu --enable-libstdcxx-debug --enable-libstdcxx-time=yes --enable-plugin --enable-objc-gc --enable-targets=all --disable-werror --with-arch-32=i686 --with-tune=generic --enable-checking=release --build=i686-linux-gnu --host=i686-linux-gnu --target=i686-linux-gnu
Thread model: posix
gcc version 4.6.1 (Ubuntu/Linaro 4.6.1-9ubuntu3) 
configure:2984: $? = 0
configure:2973: g++ -V >&5
g++: error: unrecognized option '-V'
g++: fatal error: no input files
compilation terminated.
configure:2984: $? = 4
configure:2973: g++ -qversion >&5
g++: error: unrecognized option '-qversion'
g++: fatal error: no input files
compilation terminated.
configure:2984: $? = 4
configure:3004: checking whether the C++ compiler works
configure:3026: g++    conftest.cpp  >&5
configure:3030: $? = 0
configure:3078: result: yes
configure:3081: checking for C++ compiler default output file name
configure:3083: result: a.out
configure:3089: checking for suffix of executables
configure:3096: g++ -o conftest    conftest.cpp  >&5
configure:3100: $? = 0
configure:3122: result: 
configure:3144: checking whether we are cross compiling
configure:3152: g++ -o conftest    conftest.cpp  >&5
configure:3156: $? = 0
configure:3163: ./conftest
configure:3167: $? = 0
configure:3182: result: no
configure:3187: checking for suffix of object files
configure:3209: g++ -c   conftest.cpp >&5
configure:3213: $? = 0
configure:3234: result: o
configure:3238: checking whether we are using the GNU C++ compiler
configure:3257: g++ -c   conftest.cpp >&5
configure:3257: $? = 0
configure:3266: result: yes
configure:3275: checking whether g++ accepts -g
configure:3295: g++ -c -g  conftest.cpp >&5
configure:3295: $? = 0
configure:3336: result: yes
configure:3370: checking for style of include used by make
configure:3398: result: GNU
configure:3423: checking dependency style of g++
configure:3533: result: gcc3
configure:3596: checking for gcc
configure:3612: found /usr/local/bin/gcc
configure:3623: result: gcc
configure:3852: checking for C compiler version
configure:3861: gcc --version >&5
gcc (Ubuntu/Linaro 4.6.1-9ubuntu3) 4.6.1
Copyright (C) 2011 Free Software Foundation, Inc.
This is free software; see the source for copying conditions.  There is NO
warranty; not even for MERCHANTABILITY or FITNESS FOR A PARTICULAR PURPOSE.

configure:3872: $? = 0
configure:3861: gcc -v >&5
Using built-in specs.
COLLECT_GCC=gcc
COLLECT_LTO_WRAPPER=/usr/lib/gcc/i686-linux-gnu/4.6.1/lto-wrapper
Target: i686-linux-gnu
Configured with: ../src/configure -v --with-pkgversion='Ubuntu/Linaro 4.6.1-9ubuntu3' --with-bugurl=file:///usr/share/doc/gcc-4.6/README.Bugs --enable-languages=c,c++,fortran,objc,obj-c++,go --prefix=/usr --program-suffix=-4.6 --enable-shared --enable-linker-build-id --with-system-zlib --libexecdir=/usr/lib --without-included-gettext --enable-threads=posix --with-gxx-include-dir=/usr/include/c++/4.6 --libdir=/usr/lib --enable-nls --with-sysroot=/ --enable-clocale=gnu --enable-libstdcxx-debug --enable-libstdcxx-time=yes --enable-plugin --enable-objc-gc --enable-targets=all --disable-werror --with-arch-32=i686 --with-tune=generic --enable-checking=release --build=i686-linux-gnu --host=i686-linux-gnu --target=i686-linux-gnu
Thread model: posix
gcc version 4.6.1 (Ubuntu/Linaro 4.6.1-9ubuntu3) 
configure:3872: $? = 0
configure:3861: gcc -V >&5
gcc: error: unrecognized option '-V'
gcc: fatal error: no input files
compilation terminated.
configure:3872: $? = 4
configure:3861: gcc -qversion >&5
gcc: error: unrecognized option '-qversion'
gcc: fatal error: no input files
compilation terminated.
configure:3872: $? = 4
configure:3876: checking whether we are using the GNU C compiler
configure:3895: gcc -c   conftest.c >&5
configure:3895: $? = 0
configure:3904: result: yes
configure:3913: checking whether gcc accepts -g
configure:3933: gcc -c -g  conftest.c >&5
configure:3933: $? = 0
configure:3974: result: yes
configure:3991: checking for gcc option to accept ISO C89
configure:4055: gcc  -c -g -O2  conftest.c >&5
configure:4055: $? = 0
configure:4068: result: none needed
configure:4090: checking dependency style of gcc
configure:4200: result: gcc3
configure:4219: checking for main in -ldependent_lib
configure:4238: gcc -o conftest -g -O2   conftest.c -ldependent_lib   >&5
/usr/bin/ld: cannot find -ldependent_lib
collect2: ld returned 1 exit status
configure:4238: $? = 1
configure: failed program was:
| /* confdefs.h */
| #define PACKAGE_NAME "denetX"
| #define PACKAGE_TARNAME "denetx"
| #define PACKAGE_VERSION "VERSION"
| #define PACKAGE_STRING "denetX VERSION"
| #define PACKAGE_BUGREPORT "caglar@ulakbim.gov.tr"
| #define PACKAGE_URL ""
| /* end confdefs.h.  */
| 
| 
| int
| main ()
| {
| return main ();
|   ;
|   return 0;
| }
configure:4247: result: no
configure:4265: checking how to run the C preprocessor
configure:4296: gcc -E  conftest.c
configure:4296: $? = 0
configure:4310: gcc -E  conftest.c
conftest.c:9:28: fatal error: ac_nonexistent.h: No such file or directory
compilation terminated.
configure:4310: $? = 1
configure: failed program was:
| /* confdefs.h */
| #define PACKAGE_NAME "denetX"
| #define PACKAGE_TARNAME "denetx"
| #define PACKAGE_VERSION "VERSION"
| #define PACKAGE_STRING "denetX VERSION"
| #define PACKAGE_BUGREPORT "caglar@ulakbim.gov.tr"
| #define PACKAGE_URL ""
| /* end confdefs.h.  */
| #include <ac_nonexistent.h>
configure:4335: result: gcc -E
configure:4355: gcc -E  conftest.c
configure:4355: $? = 0
configure:4369: gcc -E  conftest.c
conftest.c:9:28: fatal error: ac_nonexistent.h: No such file or directory
compilation terminated.
configure:4369: $? = 1
configure: failed program was:
| /* confdefs.h */
| #define PACKAGE_NAME "denetX"
| #define PACKAGE_TARNAME "denetx"
| #define PACKAGE_VERSION "VERSION"
| #define PACKAGE_STRING "denetX VERSION"
| #define PACKAGE_BUGREPORT "caglar@ulakbim.gov.tr"
| #define PACKAGE_URL ""
| /* end confdefs.h.  */
| #include <ac_nonexistent.h>
configure:4398: checking for grep that handles long lines and -e
configure:4456: result: /bin/grep
configure:4461: checking for egrep
configure:4523: result: /bin/grep -E
configure:4528: checking for ANSI C header files
configure:4548: gcc -c -g -O2  conftest.c >&5
configure:4548: $? = 0
configure:4621: gcc -o conftest -g -O2   conftest.c  >&5
configure:4621: $? = 0
configure:4621: ./conftest
configure:4621: $? = 0
configure:4632: result: yes
configure:4645: checking for sys/types.h
configure:4645: gcc -c -g -O2  conftest.c >&5
configure:4645: $? = 0
configure:4645: result: yes
configure:4645: checking for sys/stat.h
configure:4645: gcc -c -g -O2  conftest.c >&5
configure:4645: $? = 0
configure:4645: result: yes
configure:4645: checking for stdlib.h
configure:4645: gcc -c -g -O2  conftest.c >&5
configure:4645: $? = 0
configure:4645: result: yes
configure:4645: checking for string.h
configure:4645: gcc -c -g -O2  conftest.c >&5
configure:4645: $? = 0
configure:4645: result: yes
configure:4645: checking for memory.h
configure:4645: gcc -c -g -O2  conftest.c >&5
configure:4645: $? = 0
configure:4645: result: yes
configure:4645: checking for strings.h
configure:4645: gcc -c -g -O2  conftest.c >&5
configure:4645: $? = 0
configure:4645: result: yes
configure:4645: checking for inttypes.h
configure:4645: gcc -c -g -O2  conftest.c >&5
configure:4645: $? = 0
configure:4645: result: yes
configure:4645: checking for stdint.h
configure:4645: gcc -c -g -O2  conftest.c >&5
configure:4645: $? = 0
configure:4645: result: yes
configure:4645: checking for unistd.h
configure:4645: gcc -c -g -O2  conftest.c >&5
configure:4645: $? = 0
configure:4645: result: yes
configure:4660: checking arpa/inet.h usability
configure:4660: gcc -c -g -O2  conftest.c >&5
configure:4660: $? = 0
configure:4660: result: yes
configure:4660: checking arpa/inet.h presence
configure:4660: gcc -E  conftest.c
configure:4660: $? = 0
configure:4660: result: yes
configure:4660: checking for arpa/inet.h
configure:4660: result: yes
configure:4660: checking fcntl.h usability
configure:4660: gcc -c -g -O2  conftest.c >&5
configure:4660: $? = 0
configure:4660: result: yes
configure:4660: checking fcntl.h presence
configure:4660: gcc -E  conftest.c
configure:4660: $? = 0
configure:4660: result: yes
configure:4660: checking for fcntl.h
configure:4660: result: yes
configure:4660: checking float.h usability
configure:4660: gcc -c -g -O2  conftest.c >&5
configure:4660: $? = 0
configure:4660: result: yes
configure:4660: checking float.h presence
configure:4660: gcc -E  conftest.c
configure:4660: $? = 0
configure:4660: result: yes
configure:4660: checking for float.h
configure:4660: result: yes
configure:4660: checking netdb.h usability
configure:4660: gcc -c -g -O2  conftest.c >&5
configure:4660: $? = 0
configure:4660: result: yes
configure:4660: checking netdb.h presence
configure:4660: gcc -E  conftest.c
configure:4660: $? = 0
configure:4660: result: yes
configure:4660: checking for netdb.h
configure:4660: result: yes
configure:4660: checking netinet/in.h usability
configure:4660: gcc -c -g -O2  conftest.c >&5
configure:4660: $? = 0
configure:4660: result: yes
configure:4660: checking netinet/in.h presence
configure:4660: gcc -E  conftest.c
configure:4660: $? = 0
configure:4660: result: yes
configure:4660: checking for netinet/in.h
configure:4660: result: yes
configure:4660: checking for stdint.h
configure:4660: result: yes
configure:4660: checking for stdlib.h
configure:4660: result: yes
configure:4660: checking for string.h
configure:4660: result: yes
configure:4660: checking for strings.h
configure:4660: result: yes
configure:4660: checking sys/socket.h usability
configure:4660: gcc -c -g -O2  conftest.c >&5
configure:4660: $? = 0
configure:4660: result: yes
configure:4660: checking sys/socket.h presence
configure:4660: gcc -E  conftest.c
configure:4660: $? = 0
configure:4660: result: yes
configure:4660: checking for sys/socket.h
configure:4660: result: yes
configure:4660: checking sys/time.h usability
configure:4660: gcc -c -g -O2  conftest.c >&5
configure:4660: $? = 0
configure:4660: result: yes
configure:4660: checking sys/time.h presence
configure:4660: gcc -E  conftest.c
configure:4660: $? = 0
configure:4660: result: yes
configure:4660: checking for sys/time.h
configure:4660: result: yes
configure:4660: checking for unistd.h
configure:4660: result: yes
configure:4672: checking for stdbool.h that conforms to C99
configure:4739: gcc -c -g -O2  conftest.c >&5
configure:4739: $? = 0
configure:4746: result: yes
configure:4748: checking for _Bool
configure:4748: gcc -c -g -O2  conftest.c >&5
configure:4748: $? = 0
configure:4748: gcc -c -g -O2  conftest.c >&5
conftest.c: In function 'main':
conftest.c:67:20: error: expected expression before ')' token
configure:4748: $? = 1
configure: failed program was:
| /* confdefs.h */
| #define PACKAGE_NAME "denetX"
| #define PACKAGE_TARNAME "denetx"
| #define PACKAGE_VERSION "VERSION"
| #define PACKAGE_STRING "denetX VERSION"
| #define PACKAGE_BUGREPORT "caglar@ulakbim.gov.tr"
| #define PACKAGE_URL ""
| #define STDC_HEADERS 1
| #define HAVE_SYS_TYPES_H 1
| #define HAVE_SYS_STAT_H 1
| #define HAVE_STDLIB_H 1
| #define HAVE_STRING_H 1
| #define HAVE_MEMORY_H 1
| #define HAVE_STRINGS_H 1
| #define HAVE_INTTYPES_H 1
| #define HAVE_STDINT_H 1
| #define HAVE_UNISTD_H 1
| #define HAVE_ARPA_INET_H 1
| #define HAVE_FCNTL_H 1
| #define HAVE_FLOAT_H 1
| #define HAVE_NETDB_H 1
| #define HAVE_NETINET_IN_H 1
| #define HAVE_STDINT_H 1
| #define HAVE_STDLIB_H 1
| #define HAVE_STRING_H 1
| #define HAVE_STRINGS_H 1
| #define HAVE_SYS_SOCKET_H 1
| #define HAVE_SYS_TIME_H 1
| #define HAVE_UNISTD_H 1
| /* end confdefs.h.  */
| #include <stdio.h>
| #ifdef HAVE_SYS_TYPES_H
| # include <sys/types.h>
| #endif
| #ifdef HAVE_SYS_STAT_H
| # include <sys/stat.h>
| #endif
| #ifdef STDC_HEADERS
| # include <stdlib.h>
| # include <stddef.h>
| #else
| # ifdef HAVE_STDLIB_H
| #  include <stdlib.h>
| # endif
| #endif
| #ifdef HAVE_STRING_H
| # if !defined STDC_HEADERS && defined HAVE_MEMORY_H
| #  include <memory.h>
| # endif
| # include <string.h>
| #endif
| #ifdef HAVE_STRINGS_H
| # include <strings.h>
| #endif
| #ifdef HAVE_INTTYPES_H
| # include <inttypes.h>
| #endif
| #ifdef HAVE_STDINT_H
| # include <stdint.h>
| #endif
| #ifdef HAVE_UNISTD_H
| # include <unistd.h>
| #endif
| int
| main ()
| {
| if (sizeof ((_Bool)))
| 	    return 0;
|   ;
|   return 0;
| }
configure:4748: result: yes
configure:4764: checking for inline
configure:4780: gcc -c -g -O2  conftest.c >&5
configure:4780: $? = 0
configure:4788: result: inline
configure:4806: checking for int32_t
configure:4806: gcc -c -g -O2  conftest.c >&5
configure:4806: $? = 0
configure:4806: gcc -c -g -O2  conftest.c >&5
conftest.c: In function 'main':
conftest.c:71:53: warning: integer overflow in expression [-Woverflow]
conftest.c:70:12: error: size of array 'test_array' is negative
conftest.c:70:12: error: storage size of 'test_array' isn't constant
configure:4806: $? = 1
configure: failed program was:
| /* confdefs.h */
| #define PACKAGE_NAME "denetX"
| #define PACKAGE_TARNAME "denetx"
| #define PACKAGE_VERSION "VERSION"
| #define PACKAGE_STRING "denetX VERSION"
| #define PACKAGE_BUGREPORT "caglar@ulakbim.gov.tr"
| #define PACKAGE_URL ""
| #define STDC_HEADERS 1
| #define HAVE_SYS_TYPES_H 1
| #define HAVE_SYS_STAT_H 1
| #define HAVE_STDLIB_H 1
| #define HAVE_STRING_H 1
| #define HAVE_MEMORY_H 1
| #define HAVE_STRINGS_H 1
| #define HAVE_INTTYPES_H 1
| #define HAVE_STDINT_H 1
| #define HAVE_UNISTD_H 1
| #define HAVE_ARPA_INET_H 1
| #define HAVE_FCNTL_H 1
| #define HAVE_FLOAT_H 1
| #define HAVE_NETDB_H 1
| #define HAVE_NETINET_IN_H 1
| #define HAVE_STDINT_H 1
| #define HAVE_STDLIB_H 1
| #define HAVE_STRING_H 1
| #define HAVE_STRINGS_H 1
| #define HAVE_SYS_SOCKET_H 1
| #define HAVE_SYS_TIME_H 1
| #define HAVE_UNISTD_H 1
| #define HAVE__BOOL 1
| #define HAVE_STDBOOL_H 1
| /* end confdefs.h.  */
| #include <stdio.h>
| #ifdef HAVE_SYS_TYPES_H
| # include <sys/types.h>
| #endif
| #ifdef HAVE_SYS_STAT_H
| # include <sys/stat.h>
| #endif
| #ifdef STDC_HEADERS
| # include <stdlib.h>
| # include <stddef.h>
| #else
| # ifdef HAVE_STDLIB_H
| #  include <stdlib.h>
| # endif
| #endif
| #ifdef HAVE_STRING_H
| # if !defined STDC_HEADERS && defined HAVE_MEMORY_H
| #  include <memory.h>
| # endif
| # include <string.h>
| #endif
| #ifdef HAVE_STRINGS_H
| # include <strings.h>
| #endif
| #ifdef HAVE_INTTYPES_H
| # include <inttypes.h>
| #endif
| #ifdef HAVE_STDINT_H
| # include <stdint.h>
| #endif
| #ifdef HAVE_UNISTD_H
| # include <unistd.h>
| #endif
| 	        enum { N = 32 / 2 - 1 };
| int
| main ()
| {
| static int test_array [1 - 2 * !((int32_t) (((((int32_t) 1 << N) << N) - 1) * 2 + 1)
| 		 < (int32_t) (((((int32_t) 1 << N) << N) - 1) * 2 + 2))];
| test_array [0] = 0
| 
|   ;
|   return 0;
| }
configure:4806: result: yes
configure:4817: checking for size_t
configure:4817: gcc -c -g -O2  conftest.c >&5
configure:4817: $? = 0
configure:4817: gcc -c -g -O2  conftest.c >&5
conftest.c: In function 'main':
conftest.c:69:21: error: expected expression before ')' token
configure:4817: $? = 1
configure: failed program was:
| /* confdefs.h */
| #define PACKAGE_NAME "denetX"
| #define PACKAGE_TARNAME "denetx"
| #define PACKAGE_VERSION "VERSION"
| #define PACKAGE_STRING "denetX VERSION"
| #define PACKAGE_BUGREPORT "caglar@ulakbim.gov.tr"
| #define PACKAGE_URL ""
| #define STDC_HEADERS 1
| #define HAVE_SYS_TYPES_H 1
| #define HAVE_SYS_STAT_H 1
| #define HAVE_STDLIB_H 1
| #define HAVE_STRING_H 1
| #define HAVE_MEMORY_H 1
| #define HAVE_STRINGS_H 1
| #define HAVE_INTTYPES_H 1
| #define HAVE_STDINT_H 1
| #define HAVE_UNISTD_H 1
| #define HAVE_ARPA_INET_H 1
| #define HAVE_FCNTL_H 1
| #define HAVE_FLOAT_H 1
| #define HAVE_NETDB_H 1
| #define HAVE_NETINET_IN_H 1
| #define HAVE_STDINT_H 1
| #define HAVE_STDLIB_H 1
| #define HAVE_STRING_H 1
| #define HAVE_STRINGS_H 1
| #define HAVE_SYS_SOCKET_H 1
| #define HAVE_SYS_TIME_H 1
| #define HAVE_UNISTD_H 1
| #define HAVE__BOOL 1
| #define HAVE_STDBOOL_H 1
| /* end confdefs.h.  */
| #include <stdio.h>
| #ifdef HAVE_SYS_TYPES_H
| # include <sys/types.h>
| #endif
| #ifdef HAVE_SYS_STAT_H
| # include <sys/stat.h>
| #endif
| #ifdef STDC_HEADERS
| # include <stdlib.h>
| # include <stddef.h>
| #else
| # ifdef HAVE_STDLIB_H
| #  include <stdlib.h>
| # endif
| #endif
| #ifdef HAVE_STRING_H
| # if !defined STDC_HEADERS && defined HAVE_MEMORY_H
| #  include <memory.h>
| # endif
| # include <string.h>
| #endif
| #ifdef HAVE_STRINGS_H
| # include <strings.h>
| #endif
| #ifdef HAVE_INTTYPES_H
| # include <inttypes.h>
| #endif
| #ifdef HAVE_STDINT_H
| # include <stdint.h>
| #endif
| #ifdef HAVE_UNISTD_H
| # include <unistd.h>
| #endif
| int
| main ()
| {
| if (sizeof ((size_t)))
| 	    return 0;
|   ;
|   return 0;
| }
configure:4817: result: yes
configure:4828: checking for ssize_t
configure:4828: gcc -c -g -O2  conftest.c >&5
configure:4828: $? = 0
configure:4828: gcc -c -g -O2  conftest.c >&5
conftest.c: In function 'main':
conftest.c:69:22: error: expected expression before ')' token
configure:4828: $? = 1
configure: failed program was:
| /* confdefs.h */
| #define PACKAGE_NAME "denetX"
| #define PACKAGE_TARNAME "denetx"
| #define PACKAGE_VERSION "VERSION"
| #define PACKAGE_STRING "denetX VERSION"
| #define PACKAGE_BUGREPORT "caglar@ulakbim.gov.tr"
| #define PACKAGE_URL ""
| #define STDC_HEADERS 1
| #define HAVE_SYS_TYPES_H 1
| #define HAVE_SYS_STAT_H 1
| #define HAVE_STDLIB_H 1
| #define HAVE_STRING_H 1
| #define HAVE_MEMORY_H 1
| #define HAVE_STRINGS_H 1
| #define HAVE_INTTYPES_H 1
| #define HAVE_STDINT_H 1
| #define HAVE_UNISTD_H 1
| #define HAVE_ARPA_INET_H 1
| #define HAVE_FCNTL_H 1
| #define HAVE_FLOAT_H 1
| #define HAVE_NETDB_H 1
| #define HAVE_NETINET_IN_H 1
| #define HAVE_STDINT_H 1
| #define HAVE_STDLIB_H 1
| #define HAVE_STRING_H 1
| #define HAVE_STRINGS_H 1
| #define HAVE_SYS_SOCKET_H 1
| #define HAVE_SYS_TIME_H 1
| #define HAVE_UNISTD_H 1
| #define HAVE__BOOL 1
| #define HAVE_STDBOOL_H 1
| /* end confdefs.h.  */
| #include <stdio.h>
| #ifdef HAVE_SYS_TYPES_H
| # include <sys/types.h>
| #endif
| #ifdef HAVE_SYS_STAT_H
| # include <sys/stat.h>
| #endif
| #ifdef STDC_HEADERS
| # include <stdlib.h>
| # include <stddef.h>
| #else
| # ifdef HAVE_STDLIB_H
| #  include <stdlib.h>
| # endif
| #endif
| #ifdef HAVE_STRING_H
| # if !defined STDC_HEADERS && defined HAVE_MEMORY_H
| #  include <memory.h>
| # endif
| # include <string.h>
| #endif
| #ifdef HAVE_STRINGS_H
| # include <strings.h>
| #endif
| #ifdef HAVE_INTTYPES_H
| # include <inttypes.h>
| #endif
| #ifdef HAVE_STDINT_H
| # include <stdint.h>
| #endif
| #ifdef HAVE_UNISTD_H
| # include <unistd.h>
| #endif
| int
| main ()
| {
| if (sizeof ((ssize_t)))
| 	    return 0;
|   ;
|   return 0;
| }
configure:4828: result: yes
configure:4839: checking for uint32_t
configure:4839: gcc -c -g -O2  conftest.c >&5
configure:4839: $? = 0
configure:4839: result: yes
configure:4855: checking for bzero
configure:4855: gcc -o conftest -g -O2   conftest.c  >&5
conftest.c:56:6: warning: conflicting types for built-in function 'bzero' [enabled by default]
configure:4855: $? = 0
configure:4855: result: yes
configure:4866: checking for gethostbyname
configure:4866: gcc -o conftest -g -O2   conftest.c  >&5
configure:4866: $? = 0
configure:4866: result: yes
configure:4877: checking for gettimeofday
configure:4877: gcc -o conftest -g -O2   conftest.c  >&5
configure:4877: $? = 0
configure:4877: result: yes
configure:4888: checking for memmove
configure:4888: gcc -o conftest -g -O2   conftest.c  >&5
conftest.c:59:6: warning: conflicting types for built-in function 'memmove' [enabled by default]
configure:4888: $? = 0
configure:4888: result: yes
configure:4899: checking for memset
configure:4899: gcc -o conftest -g -O2   conftest.c  >&5
conftest.c:60:6: warning: conflicting types for built-in function 'memset' [enabled by default]
configure:4899: $? = 0
configure:4899: result: yes
configure:4910: checking for pow
configure:4910: gcc -o conftest -g -O2   conftest.c  >&5
conftest.c:61:6: warning: conflicting types for built-in function 'pow' [enabled by default]
/tmp/cc50l1DL.o: In function `main':
/home/caglar/Codes/c++/myprojs/googleproj/denetx/conftest.c:72: undefined reference to `pow'
collect2: ld returned 1 exit status
configure:4910: $? = 1
configure: failed program was:
| /* confdefs.h */
| #define PACKAGE_NAME "denetX"
| #define PACKAGE_TARNAME "denetx"
| #define PACKAGE_VERSION "VERSION"
| #define PACKAGE_STRING "denetX VERSION"
| #define PACKAGE_BUGREPORT "caglar@ulakbim.gov.tr"
| #define PACKAGE_URL ""
| #define STDC_HEADERS 1
| #define HAVE_SYS_TYPES_H 1
| #define HAVE_SYS_STAT_H 1
| #define HAVE_STDLIB_H 1
| #define HAVE_STRING_H 1
| #define HAVE_MEMORY_H 1
| #define HAVE_STRINGS_H 1
| #define HAVE_INTTYPES_H 1
| #define HAVE_STDINT_H 1
| #define HAVE_UNISTD_H 1
| #define HAVE_ARPA_INET_H 1
| #define HAVE_FCNTL_H 1
| #define HAVE_FLOAT_H 1
| #define HAVE_NETDB_H 1
| #define HAVE_NETINET_IN_H 1
| #define HAVE_STDINT_H 1
| #define HAVE_STDLIB_H 1
| #define HAVE_STRING_H 1
| #define HAVE_STRINGS_H 1
| #define HAVE_SYS_SOCKET_H 1
| #define HAVE_SYS_TIME_H 1
| #define HAVE_UNISTD_H 1
| #define HAVE__BOOL 1
| #define HAVE_STDBOOL_H 1
| #define HAVE_BZERO 1
| #define HAVE_GETHOSTBYNAME 1
| #define HAVE_GETTIMEOFDAY 1
| #define HAVE_MEMMOVE 1
| #define HAVE_MEMSET 1
| /* end confdefs.h.  */
| /* Define pow to an innocuous variant, in case <limits.h> declares pow.
|    For example, HP-UX 11i <limits.h> declares gettimeofday.  */
| #define pow innocuous_pow
| 
| /* System header to define __stub macros and hopefully few prototypes,
|     which can conflict with char pow (); below.
|     Prefer <limits.h> to <assert.h> if __STDC__ is defined, since
|     <limits.h> exists even on freestanding compilers.  */
| 
| #ifdef __STDC__
| # include <limits.h>
| #else
| # include <assert.h>
| #endif
| 
| #undef pow
| 
| /* Override any GCC internal prototype to avoid an error.
|    Use char because int might match the return type of a GCC
|    builtin and then its argument prototype would still apply.  */
| #ifdef __cplusplus
| extern "C"
| #endif
| char pow ();
| /* The GNU C library defines this for functions which it implements
|     to always fail with ENOSYS.  Some functions are actually named
|     something starting with __ and the normal name is an alias.  */
| #if defined __stub_pow || defined __stub___pow
| choke me
| #endif
| 
| int
| main ()
| {
| return pow ();
|   ;
|   return 0;
| }
configure:4910: result: no
configure:4921: checking for select
configure:4921: gcc -o conftest -g -O2   conftest.c  >&5
configure:4921: $? = 0
configure:4921: result: yes
configure:4932: checking for socket
configure:4932: gcc -o conftest -g -O2   conftest.c  >&5
configure:4932: $? = 0
configure:4932: result: yes
configure:4943: checking for sqrt
configure:4943: gcc -o conftest -g -O2   conftest.c  >&5
conftest.c:63:6: warning: conflicting types for built-in function 'sqrt' [enabled by default]
/tmp/ccdrbiy2.o: In function `main':
/home/caglar/Codes/c++/myprojs/googleproj/denetx/conftest.c:74: undefined reference to `sqrt'
collect2: ld returned 1 exit status
configure:4943: $? = 1
configure: failed program was:
| /* confdefs.h */
| #define PACKAGE_NAME "denetX"
| #define PACKAGE_TARNAME "denetx"
| #define PACKAGE_VERSION "VERSION"
| #define PACKAGE_STRING "denetX VERSION"
| #define PACKAGE_BUGREPORT "caglar@ulakbim.gov.tr"
| #define PACKAGE_URL ""
| #define STDC_HEADERS 1
| #define HAVE_SYS_TYPES_H 1
| #define HAVE_SYS_STAT_H 1
| #define HAVE_STDLIB_H 1
| #define HAVE_STRING_H 1
| #define HAVE_MEMORY_H 1
| #define HAVE_STRINGS_H 1
| #define HAVE_INTTYPES_H 1
| #define HAVE_STDINT_H 1
| #define HAVE_UNISTD_H 1
| #define HAVE_ARPA_INET_H 1
| #define HAVE_FCNTL_H 1
| #define HAVE_FLOAT_H 1
| #define HAVE_NETDB_H 1
| #define HAVE_NETINET_IN_H 1
| #define HAVE_STDINT_H 1
| #define HAVE_STDLIB_H 1
| #define HAVE_STRING_H 1
| #define HAVE_STRINGS_H 1
| #define HAVE_SYS_SOCKET_H 1
| #define HAVE_SYS_TIME_H 1
| #define HAVE_UNISTD_H 1
| #define HAVE__BOOL 1
| #define HAVE_STDBOOL_H 1
| #define HAVE_BZERO 1
| #define HAVE_GETHOSTBYNAME 1
| #define HAVE_GETTIMEOFDAY 1
| #define HAVE_MEMMOVE 1
| #define HAVE_MEMSET 1
| #define HAVE_SELECT 1
| #define HAVE_SOCKET 1
| /* end confdefs.h.  */
| /* Define sqrt to an innocuous variant, in case <limits.h> declares sqrt.
|    For example, HP-UX 11i <limits.h> declares gettimeofday.  */
| #define sqrt innocuous_sqrt
| 
| /* System header to define __stub macros and hopefully few prototypes,
|     which can conflict with char sqrt (); below.
|     Prefer <limits.h> to <assert.h> if __STDC__ is defined, since
|     <limits.h> exists even on freestanding compilers.  */
| 
| #ifdef __STDC__
| # include <limits.h>
| #else
| # include <assert.h>
| #endif
| 
| #undef sqrt
| 
| /* Override any GCC internal prototype to avoid an error.
|    Use char because int might match the return type of a GCC
|    builtin and then its argument prototype would still apply.  */
| #ifdef __cplusplus
| extern "C"
| #endif
| char sqrt ();
| /* The GNU C library defines this for functions which it implements
|     to always fail with ENOSYS.  Some functions are actually named
|     something starting with __ and the normal name is an alias.  */
| #if defined __stub_sqrt || defined __stub___sqrt
| choke me
| #endif
| 
| int
| main ()
| {
| return sqrt ();
|   ;
|   return 0;
| }
configure:4943: result: no
configure:4954: checking for strchr
configure:4954: gcc -o conftest -g -O2   conftest.c  >&5
conftest.c:63:6: warning: conflicting types for built-in function 'strchr' [enabled by default]
configure:4954: $? = 0
configure:4954: result: yes
configure:4965: checking for strdup
configure:4965: gcc -o conftest -g -O2   conftest.c  >&5
conftest.c:64:6: warning: conflicting types for built-in function 'strdup' [enabled by default]
configure:4965: $? = 0
configure:4965: result: yes
configure:4976: checking for strtoul
configure:4976: gcc -o conftest -g -O2   conftest.c  >&5
configure:4976: $? = 0
configure:4976: result: yes
configure:4987: checking for arpa/inet.h
configure:4987: result: yes
configure:4999: checking for fcntl.h
configure:4999: result: yes
configure:5011: checking for float.h
configure:5011: result: yes
configure:5023: checking for netdb.h
configure:5023: result: yes
configure:5035: checking for netinet/in.h
configure:5035: result: yes
configure:5047: checking for stdint.h
configure:5047: result: yes
configure:5059: checking for stdlib.h
configure:5059: result: yes
configure:5071: checking for string.h
configure:5071: result: yes
configure:5083: checking for strings.h
configure:5083: result: yes
configure:5095: checking for sys/socket.h
configure:5095: result: yes
configure:5107: checking for sys/time.h
configure:5107: result: yes
configure:5119: checking for unistd.h
configure:5119: result: yes
configure:5129: checking for inline
configure:5153: result: inline
configure:5173: checking for stdlib.h
configure:5173: result: yes
configure:5183: checking for GNU libc compatible malloc
configure:5207: gcc -o conftest -g -O2   conftest.c  >&5
configure:5207: $? = 0
configure:5207: ./conftest
configure:5207: $? = 0
configure:5217: result: yes
configure:5240: checking for stdlib.h
configure:5240: result: yes
configure:5250: checking for GNU libc compatible realloc
configure:5274: gcc -o conftest -g -O2   conftest.c  >&5
configure:5274: $? = 0
configure:5274: ./conftest
configure:5274: $? = 0
configure:5284: result: yes
configure:5353: checking for gcc
configure:5380: result: gcc
configure:5609: checking for C compiler version
configure:5618: gcc --version >&5
gcc (Ubuntu/Linaro 4.6.1-9ubuntu3) 4.6.1
Copyright (C) 2011 Free Software Foundation, Inc.
This is free software; see the source for copying conditions.  There is NO
warranty; not even for MERCHANTABILITY or FITNESS FOR A PARTICULAR PURPOSE.

configure:5629: $? = 0
configure:5618: gcc -v >&5
Using built-in specs.
COLLECT_GCC=gcc
COLLECT_LTO_WRAPPER=/usr/lib/gcc/i686-linux-gnu/4.6.1/lto-wrapper
Target: i686-linux-gnu
Configured with: ../src/configure -v --with-pkgversion='Ubuntu/Linaro 4.6.1-9ubuntu3' --with-bugurl=file:///usr/share/doc/gcc-4.6/README.Bugs --enable-languages=c,c++,fortran,objc,obj-c++,go --prefix=/usr --program-suffix=-4.6 --enable-shared --enable-linker-build-id --with-system-zlib --libexecdir=/usr/lib --without-included-gettext --enable-threads=posix --with-gxx-include-dir=/usr/include/c++/4.6 --libdir=/usr/lib --enable-nls --with-sysroot=/ --enable-clocale=gnu --enable-libstdcxx-debug --enable-libstdcxx-time=yes --enable-plugin --enable-objc-gc --enable-targets=all --disable-werror --with-arch-32=i686 --with-tune=generic --enable-checking=release --build=i686-linux-gnu --host=i686-linux-gnu --target=i686-linux-gnu
Thread model: posix
gcc version 4.6.1 (Ubuntu/Linaro 4.6.1-9ubuntu3) 
configure:5629: $? = 0
configure:5618: gcc -V >&5
gcc: error: unrecognized option '-V'
gcc: fatal error: no input files
compilation terminated.
configure:5629: $? = 4
configure:5618: gcc -qversion >&5
gcc: error: unrecognized option '-qversion'
gcc: fatal error: no input files
compilation terminated.
configure:5629: $? = 4
configure:5633: checking whether we are using the GNU C compiler
configure:5661: result: yes
configure:5670: checking whether gcc accepts -g
configure:5731: result: yes
configure:5748: checking for gcc option to accept ISO C89
configure:5825: result: none needed
configure:5847: checking dependency style of gcc
configure:5957: result: gcc3
configure:5976: checking for stdlib.h
configure:5976: result: yes
configure:5986: checking for GNU libc compatible malloc
configure:6020: result: yes
configure:6043: checking for stdlib.h
configure:6043: result: yes
configure:6053: checking for GNU libc compatible realloc
configure:6087: result: yes
configure:6111: checking for bzero
configure:6111: result: yes
configure:6111: checking for gethostbyname
configure:6111: result: yes
configure:6111: checking for gettimeofday
configure:6111: result: yes
configure:6111: checking for memmove
configure:6111: result: yes
configure:6111: checking for memset
configure:6111: result: yes
configure:6111: checking for pow
configure:6111: result: no
configure:6111: checking for select
configure:6111: result: yes
configure:6111: checking for socket
configure:6111: result: yes
configure:6111: checking for sqrt
configure:6111: result: no
configure:6111: checking for strchr
configure:6111: result: yes
configure:6111: checking for strdup
configure:6111: result: yes
configure:6111: checking for strtoul
configure:6111: result: yes
configure:6261: creating ./config.status

## ---------------------- ##
## Running config.status. ##
## ---------------------- ##

This file was extended by denetX config.status VERSION, which was
generated by GNU Autoconf 2.68.  Invocation command line was

  CONFIG_FILES    = 
  CONFIG_HEADERS  = 
  CONFIG_LINKS    = 
  CONFIG_COMMANDS = 
  $ ./config.status 

on jupiter.ulakbim.gov.tr

config.status:920: creating Makefile
config.status:920: creating data/Makefile
config.status:920: creating man/Makefile
config.status:920: creating src/Makefile
config.status:920: creating config.h
config.status:1101: config.h is unchanged
config.status:1149: executing depfiles commands

## ---------------- ##
## Cache variables. ##
## ---------------- ##

ac_cv_c_compiler_gnu=yes
ac_cv_c_inline=inline
ac_cv_c_int32_t=yes
ac_cv_c_uint32_t=yes
ac_cv_cxx_compiler_gnu=yes
ac_cv_env_CCC_set=
ac_cv_env_CCC_value=
ac_cv_env_CC_set=
ac_cv_env_CC_value=
ac_cv_env_CFLAGS_set=
ac_cv_env_CFLAGS_value=
ac_cv_env_CPPFLAGS_set=
ac_cv_env_CPPFLAGS_value=
ac_cv_env_CPP_set=
ac_cv_env_CPP_value=
ac_cv_env_CXXFLAGS_set=
ac_cv_env_CXXFLAGS_value=
ac_cv_env_CXX_set=
ac_cv_env_CXX_value=
ac_cv_env_LDFLAGS_set=
ac_cv_env_LDFLAGS_value=
ac_cv_env_LIBS_set=
ac_cv_env_LIBS_value=
ac_cv_env_build_alias_set=
ac_cv_env_build_alias_value=
ac_cv_env_host_alias_set=
ac_cv_env_host_alias_value=
ac_cv_env_target_alias_set=
ac_cv_env_target_alias_value=
ac_cv_func_bzero=yes
ac_cv_func_gethostbyname=yes
ac_cv_func_gettimeofday=yes
ac_cv_func_malloc_0_nonnull=yes
ac_cv_func_memmove=yes
ac_cv_func_memset=yes
ac_cv_func_pow=no
ac_cv_func_realloc_0_nonnull=yes
ac_cv_func_select=yes
ac_cv_func_socket=yes
ac_cv_func_sqrt=no
ac_cv_func_strchr=yes
ac_cv_func_strdup=yes
ac_cv_func_strtoul=yes
ac_cv_header_arpa_inet_h=yes
ac_cv_header_fcntl_h=yes
ac_cv_header_float_h=yes
ac_cv_header_inttypes_h=yes
ac_cv_header_memory_h=yes
ac_cv_header_netdb_h=yes
ac_cv_header_netinet_in_h=yes
ac_cv_header_stdbool_h=yes
ac_cv_header_stdc=yes
ac_cv_header_stdint_h=yes
ac_cv_header_stdlib_h=yes
ac_cv_header_string_h=yes
ac_cv_header_strings_h=yes
ac_cv_header_sys_socket_h=yes
ac_cv_header_sys_stat_h=yes
ac_cv_header_sys_time_h=yes
ac_cv_header_sys_types_h=yes
ac_cv_header_unistd_h=yes
ac_cv_lib_dependent_lib_main=no
ac_cv_objext=o
ac_cv_path_EGREP='/bin/grep -E'
ac_cv_path_GREP=/bin/grep
ac_cv_path_install='/usr/bin/install -c'
ac_cv_path_mkdir=/bin/mkdir
ac_cv_prog_AWK=gawk
ac_cv_prog_CPP='gcc -E'
ac_cv_prog_ac_ct_CC=gcc
ac_cv_prog_ac_ct_CXX=g++
ac_cv_prog_cc_c89=
ac_cv_prog_cc_g=yes
ac_cv_prog_cxx_g=yes
ac_cv_prog_make_make_set=yes
ac_cv_type__Bool=yes
ac_cv_type_size_t=yes
ac_cv_type_ssize_t=yes
am_cv_CC_dependencies_compiler_type=gcc3
am_cv_CXX_dependencies_compiler_type=gcc3

## ----------------- ##
## Output variables. ##
## ----------------- ##

ACLOCAL='${SHELL} /home/caglar/Codes/c++/myprojs/googleproj/denetx/missing --run aclocal-1.11'
AMDEPBACKSLASH='\'
AMDEP_FALSE='#'
AMDEP_TRUE=''
AMTAR='${SHELL} /home/caglar/Codes/c++/myprojs/googleproj/denetx/missing --run tar'
AUTOCONF='${SHELL} /home/caglar/Codes/c++/myprojs/googleproj/denetx/missing --run autoconf'
AUTOHEADER='${SHELL} /home/caglar/Codes/c++/myprojs/googleproj/denetx/missing --run autoheader'
AUTOMAKE='${SHELL} /home/caglar/Codes/c++/myprojs/googleproj/denetx/missing --run automake-1.11'
AWK='gawk'
CC='gcc'
CCDEPMODE='depmode=gcc3'
CFLAGS='-g -O2'
CPP='gcc -E'
CPPFLAGS=''
CXX='g++'
CXXDEPMODE='depmode=gcc3'
CXXFLAGS=''
CYGPATH_W='echo'
DEFS='-DHAVE_CONFIG_H'
DEPDIR='.deps'
ECHO_C=''
ECHO_N='-n'
ECHO_T=''
EGREP='/bin/grep -E'
EXEEXT=''
GREP='/bin/grep'
INSTALL_DATA='${INSTALL} -m 644'
INSTALL_PROGRAM='${INSTALL}'
INSTALL_SCRIPT='${INSTALL}'
INSTALL_STRIP_PROGRAM='$(install_sh) -c -s'
LDFLAGS=''
LIBOBJS=''
LIBS=''
LTLIBOBJS=''
MAKEINFO='${SHELL} /home/caglar/Codes/c++/myprojs/googleproj/denetx/missing --run makeinfo'
MKDIR_P='/bin/mkdir -p'
OBJEXT='o'
PACKAGE='denetx'
PACKAGE_BUGREPORT='caglar@ulakbim.gov.tr'
PACKAGE_NAME='denetX'
PACKAGE_STRING='denetX VERSION'
PACKAGE_TARNAME='denetx'
PACKAGE_URL=''
PACKAGE_VERSION='VERSION'
PATH_SEPARATOR=':'
SET_MAKE=''
SHELL='/bin/bash'
STRIP=''
VERSION='VERSION'
ac_ct_CC='gcc'
ac_ct_CXX='g++'
am__EXEEXT_FALSE=''
am__EXEEXT_TRUE='#'
am__fastdepCC_FALSE='#'
am__fastdepCC_TRUE=''
am__fastdepCXX_FALSE='#'
am__fastdepCXX_TRUE=''
am__include='include'
am__isrc=''
am__leading_dot='.'
am__quote=''
am__tar='${AMTAR} chof - "$$tardir"'
am__untar='${AMTAR} xf -'
bindir='${exec_prefix}/bin'
build_alias=''
datadir='${datarootdir}'
datarootdir='${prefix}/share'
docdir='${datarootdir}/doc/${PACKAGE_TARNAME}'
dvidir='${docdir}'
exec_prefix='${prefix}'
host_alias=''
htmldir='${docdir}'
includedir='${prefix}/include'
infodir='${datarootdir}/info'
install_sh='${SHELL} /home/caglar/Codes/c++/myprojs/googleproj/denetx/install-sh'
libdir='${exec_prefix}/lib'
libexecdir='${exec_prefix}/libexec'
localedir='${datarootdir}/locale'
localstatedir='${prefix}/var'
mandir='${datarootdir}/man'
mkdir_p='/bin/mkdir -p'
oldincludedir='/usr/include'
pdfdir='${docdir}'
prefix='/usr/local'
program_transform_name='s,x,x,'
psdir='${docdir}'
sbindir='${exec_prefix}/sbin'
sharedstatedir='${prefix}/com'
sysconfdir='${prefix}/etc'
target_alias=''

## ----------- ##
## confdefs.h. ##
## ----------- ##

/* confdefs.h */
#define PACKAGE_NAME "denetX"
#define PACKAGE_TARNAME "denetx"
#define PACKAGE_VERSION "VERSION"
#define PACKAGE_STRING "denetX VERSION"
#define PACKAGE_BUGREPORT "caglar@ulakbim.gov.tr"
#define PACKAGE_URL ""
#define STDC_HEADERS 1
#define HAVE_SYS_TYPES_H 1
#define HAVE_SYS_STAT_H 1
#define HAVE_STDLIB_H 1
#define HAVE_STRING_H 1
#define HAVE_MEMORY_H 1
#define HAVE_STRINGS_H 1
#define HAVE_INTTYPES_H 1
#define HAVE_STDINT_H 1
#define HAVE_UNISTD_H 1
#define HAVE_ARPA_INET_H 1
#define HAVE_FCNTL_H 1
#define HAVE_FLOAT_H 1
#define HAVE_NETDB_H 1
#define HAVE_NETINET_IN_H 1
#define HAVE_STDINT_H 1
#define HAVE_STDLIB_H 1
#define HAVE_STRING_H 1
#define HAVE_STRINGS_H 1
#define HAVE_SYS_SOCKET_H 1
#define HAVE_SYS_TIME_H 1
#define HAVE_UNISTD_H 1
#define HAVE__BOOL 1
#define HAVE_STDBOOL_H 1
#define HAVE_BZERO 1
#define HAVE_GETHOSTBYNAME 1
#define HAVE_GETTIMEOFDAY 1
#define HAVE_MEMMOVE 1
#define HAVE_MEMSET 1
#define HAVE_SELECT 1
#define HAVE_SOCKET 1
#define HAVE_STRCHR 1
#define HAVE_STRDUP 1
#define HAVE_STRTOUL 1
#define HAVE_ARPA_INET_H 1
#define HAVE_FCNTL_H 1
#define HAVE_FLOAT_H 1
#define HAVE_NETDB_H 1
#define HAVE_NETINET_IN_H 1
#define HAVE_STDINT_H 1
#define HAVE_STDLIB_H 1
#define HAVE_STRING_H 1
#define HAVE_STRINGS_H 1
#define HAVE_SYS_SOCKET_H 1
#define HAVE_SYS_TIME_H 1
#define HAVE_UNISTD_H 1
#define HAVE_STDLIB_H 1
#define HAVE_MALLOC 1
#define HAVE_STDLIB_H 1
#define HAVE_REALLOC 1
#define HAVE_STDLIB_H 1
#define HAVE_MALLOC 1
#define HAVE_STDLIB_H 1
#define HAVE_REALLOC 1
#define HAVE_BZERO 1
#define HAVE_GETHOSTBYNAME 1
#define HAVE_GETTIMEOFDAY 1
#define HAVE_MEMMOVE 1
#define HAVE_MEMSET 1
#define HAVE_SELECT 1
#define HAVE_SOCKET 1
#define HAVE_STRCHR 1
#define HAVE_STRDUP 1
#define HAVE_STRTOUL 1

configure: exit 0

## ---------------------- ##
## Running config.status. ##
## ---------------------- ##

This file was extended by denetX config.status VERSION, which was
generated by GNU Autoconf 2.68.  Invocation command line was

  CONFIG_FILES    = 
  CONFIG_HEADERS  = 
  CONFIG_LINKS    = 
  CONFIG_COMMANDS = 
  $ ./config.status config.h

on jupiter.ulakbim.gov.tr

config.status:920: creating config.h
config.status:1101: config.h is unchanged
